[0m2021.04.08 08:46:54 INFO  Started: Metals version 0.10.1 in workspace '/home/timmiller/myfolder/myWCCLI/wccli' for client vscode 1.55.0.[0m
[0m2021.04.08 08:46:54 INFO  time: initialize in 0.31s[0m
[0m2021.04.08 08:46:54 WARN  Build server is not auto-connectable.[0m
[0m2021.04.08 08:47:15 WARN  no build target for: /home/timmiller/myfolder/myWCCLI/wccli/src/main/scala/Main.scala[0m
[0m2021.04.08 08:47:16 INFO  no build target: using presentation compiler with only scala-library: 2.12.13[0m
[0m2021.04.08 08:47:17 INFO  time: code lens generation in 2.16s[0m
Apr 08, 2021 8:47:41 AM org.eclipse.lsp4j.jsonrpc.RemoteEndpoint handleCancellation
WARNING: Unmatched cancel notification for request id 50
[0m2021.04.08 08:47:41 WARN  no build target for: /home/timmiller/myfolder/myWCCLI/wccli/src/main/scala/wccli/Main.scala[0m
[0m2021.04.08 08:48:18 WARN  no build target for: /home/timmiller/myfolder/myWCCLI/wccli/src/main/scala/wccli/FileUtil.scala[0m
Apr 08, 2021 8:48:18 AM org.eclipse.lsp4j.jsonrpc.RemoteEndpoint handleCancellation
WARNING: Unmatched cancel notification for request id 60
[0m2021.04.08 08:48:29 WARN  no build target for: /home/timmiller/myfolder/myWCCLI/wccli/src/main/scala/wccli/FileUtil.scala[0m
Apr 08, 2021 8:48:30 AM org.eclipse.lsp4j.jsonrpc.RemoteEndpoint handleCancellation
WARNING: Unmatched cancel notification for request id 73
[0m2021.04.08 08:48:30 WARN  no build target for: /home/timmiller/myfolder/myWCCLI/wccli/src/main/scala/wccli/Main.scala[0m
[0m2021.04.08 08:48:37 WARN  no build target for: /home/timmiller/myfolder/myWCCLI/wccli/src/main/scala/wccli/Main.scala[0m
[0m2021.04.08 08:48:43 INFO  running '/usr/lib/jvm/java-8-openjdk-amd64/bin/java -Djline.terminal=jline.UnsupportedTerminal -Dsbt.log.noformat=true -Dfile.encoding=UTF-8 -jar /tmp/metals4900453108089549958/sbt-launch.jar -Dbloop.export-jar-classifiers=sources bloopInstall'[0m
[0m2021.04.08 08:48:44 WARN  no build target for: /home/timmiller/myfolder/myWCCLI/wccli/project/metals.sbt[0m
[0m2021.04.08 08:48:44 WARN  no build target for: /home/timmiller/myfolder/myWCCLI/wccli/project/project/metals.sbt[0m
[0m2021.04.08 08:48:43 INFO  skipping build import with status 'Started'[0m
[0m2021.04.08 08:48:44 INFO  [info] welcome to sbt 1.4.9 (Private Build Java 1.8.0_282)[0m
[0m2021.04.08 08:48:46 INFO  [info] loading settings for project wccli-build-build from metals.sbt ...[0m
[0m2021.04.08 08:48:46 INFO  [info] loading project definition from /home/timmiller/myfolder/myWCCLI/wccli/project/project[0m
[0m2021.04.08 08:48:48 INFO  [info] loading settings for project wccli-build from metals.sbt ...[0m
[0m2021.04.08 08:48:48 INFO  [info] loading project definition from /home/timmiller/myfolder/myWCCLI/wccli/project[0m
[0m2021.04.08 08:48:50 INFO  [success] Generated .bloop/wccli-build.json[0m
[0m2021.04.08 08:48:50 INFO  [success] Total time: 1 s, completed Apr 8, 2021 8:48:50 AM[0m
[0m2021.04.08 08:48:51 INFO  [info] loading settings for project wccli from build.sbt ...[0m
[0m2021.04.08 08:48:51 INFO  [info] set current project to hello-world (in build file:/home/timmiller/myfolder/myWCCLI/wccli/)[0m
[0m2021.04.08 08:48:51 INFO  [success] Generated .bloop/wccli-test.json[0m
[0m2021.04.08 08:48:51 INFO  [success] Generated .bloop/wccli.json[0m
[0m2021.04.08 08:48:51 INFO  [success] Total time: 0 s, completed Apr 8, 2021 8:48:51 AM[0m
[0m2021.04.08 08:48:51 INFO  sbt bloopInstall exit: 0[0m
[0m2021.04.08 08:48:52 INFO  time: ran 'sbt bloopInstall' in 8.56s[0m
[0m2021.04.08 08:48:52 INFO  Attempting to connect to the build server...[0m
Starting the bsp launcher for bloop...
Opening a bsp server connection with 'bsp --protocol local --socket /tmp/bsp-launcher1959009103460706348/bsp.socket'...
Waiting for the bsp connection to come up...
[0m[32m[D][0m Loading 2 projects from '/home/timmiller/myfolder/myWCCLI/wccli/.bloop'...
[0m[32m[D][0m Loading project from '/home/timmiller/myfolder/myWCCLI/wccli/.bloop/wccli-test.json'
[0m[32m[D][0m Loading project from '/home/timmiller/myfolder/myWCCLI/wccli/.bloop/wccli.json'
[0m[32m[D][0m Missing analysis file for project 'wccli-test'
[0m[32m[D][0m Missing analysis file for project 'wccli'
[0m[32m[D][0m Waiting for a connection at local:///tmp/bsp-launcher1959009103460706348/bsp.socket...
The server is listening for incoming connections at local:///tmp/bsp-launcher1959009103460706348/bsp.socket...
Starting thread that pumps stdin and redirects it to the bsp server...
Starting thread that pumps server stdout and redirects it to the client stdout...
[0m2021.04.08 08:48:52 INFO  tracing is disabled for protocol BSP, to enable tracing of incoming and outgoing JSON messages create an empty file at /home/timmiller/.cache/metals/bsp.trace.json[0m
[0m2021.04.08 08:48:52 INFO  Attempting to connect to the build server...[0m
Starting the bsp launcher for bloop...
Opening a bsp server connection with 'bsp --protocol local --socket /tmp/bsp-launcher2574011444455443261/bsp.socket'...
Waiting for the bsp connection to come up...
[0m[32m[D][0m Loading workspace settings from bloop.settings.json
[0m[32m[D][0m Waiting for a connection at local:///tmp/bsp-launcher2574011444455443261/bsp.socket...
The server is listening for incoming connections at local:///tmp/bsp-launcher2574011444455443261/bsp.socket...
Starting thread that pumps stdin and redirects it to the bsp server...
Starting thread that pumps server stdout and redirects it to the client stdout...
[0m2021.04.08 08:48:52 INFO  tracing is disabled for protocol BSP, to enable tracing of incoming and outgoing JSON messages create an empty file at /home/timmiller/.cache/metals/bsp.trace.json[0m
[0m2021.04.08 08:48:52 INFO  time: Connected to build server in 0.22s[0m
[0m2021.04.08 08:48:52 INFO  Connected to Build server: Bloop v1.4.8[0m
[0m2021.04.08 08:48:52 WARN  Could not find java sources in None. Java symbols will not be available.[0m
[0m2021.04.08 08:48:54 INFO  time: indexed workspace in 2.12s[0m
[0m2021.04.08 08:48:54 INFO  compiling wccli (2 scala sources)[0m
[0m2021.04.08 08:48:56 INFO  time: compiled wccli in 1.5s[0m
[0m2021.04.08 08:49:15 INFO  compiling wccli (1 scala source)[0m
[0m2021.04.08 08:49:15 INFO  time: compiled wccli in 0.52s[0m
[0m2021.04.08 08:49:57 INFO  compiling wccli (1 scala source)[0m
Apr 08, 2021 8:49:57 AM org.eclipse.lsp4j.jsonrpc.RemoteEndpoint handleCancellation
WARNING: Unmatched cancel notification for request id 171
[0m2021.04.08 08:49:57 INFO  time: compiled wccli in 0.47s[0m
[0m2021.04.08 08:50:08 INFO  compiling wccli (1 scala source)[0m
[0m2021.04.08 08:50:08 INFO  time: compiled wccli in 0.96s[0m
Apr 08, 2021 8:50:12 AM org.eclipse.lsp4j.jsonrpc.RemoteEndpoint handleCancellation
WARNING: Unmatched cancel notification for request id 188
Apr 08, 2021 8:50:15 AM org.eclipse.lsp4j.jsonrpc.RemoteEndpoint handleCancellation
WARNING: Unmatched cancel notification for request id 195
[0m2021.04.08 08:50:16 INFO  compiling wccli (1 scala source)[0m
[0m2021.04.08 08:50:16 INFO  time: compiled wccli in 0.47s[0m
[0m2021.04.08 08:50:44 INFO  shutting down Metals[0m
[0m2021.04.08 08:50:44 INFO  Shut down connection with build server.[0m
[0m2021.04.08 08:50:44 INFO  Shut down connection with build server.[0m
No more data in the server stdin, exiting...
No more data in the server stdin, exiting...
No more data in the client stdin, exiting...
[0m2021.04.08 10:26:44 INFO  Started: Metals version 0.10.1 in workspace '/home/timmiller/myfolder/myWCCLI/wccli' for client vscode 1.55.0.[0m
[0m2021.04.08 10:26:44 INFO  time: initialize in 0.39s[0m
[0m2021.04.08 10:26:44 INFO  Attempting to connect to the build server...[0m
Starting the bsp launcher for bloop...
[0m2021.04.08 10:26:45 WARN  no build target for: /home/timmiller/myfolder/myWCCLI/wccli/src/main/scala/wccli/Main.scala[0m
Opening a bsp server connection with 'bsp --protocol local --socket /tmp/bsp-launcher6453983194797338666/bsp.socket'...
Waiting for the bsp connection to come up...
[0m2021.04.08 10:26:44 INFO  skipping build import with status 'Installed'[0m
Waiting for the bsp connection to come up...
[0m2021.04.08 10:26:46 INFO  no build target: using presentation compiler with only scala-library: 2.12.13[0m
Waiting for the bsp connection to come up...
[0m2021.04.08 10:26:48 INFO  time: code lens generation in 3s[0m
No server running at 127.0.0.1:8212, let's fire one...
Resolving ch.epfl.scala:bloop-frontend_2.12:1.4.8...
Starting bloop server at 127.0.0.1:8212...
Attempting a connection to the server...
Attempting a connection to the server...
Attempting a connection to the server...
Attempting a connection to the server...
Attempting a connection to the server...
[0m[32m[D][0m Loading workspace settings from bloop.settings.json
[0m[32m[D][0m Loading 2 projects from '/home/timmiller/myfolder/myWCCLI/wccli/.bloop'...
[0m[32m[D][0m Loading project from '/home/timmiller/myfolder/myWCCLI/wccli/.bloop/wccli-test.json'
[0m[32m[D][0m Loading project from '/home/timmiller/myfolder/myWCCLI/wccli/.bloop/wccli.json'
[0m[32m[D][0m Cache miss for scala instance org.scala-lang:scala-compiler:2.13.3.
[0m[32m[D][0m   => /home/timmiller/.cache/coursier/v1/https/repo1.maven.org/maven2/net/java/dev/jna/jna/5.3.1/jna-5.3.1.jar
[0m[32m[D][0m   => /home/timmiller/.cache/coursier/v1/https/repo1.maven.org/maven2/org/jline/jline/3.15.0/jline-3.15.0.jar
[0m[32m[D][0m   => /home/timmiller/.cache/coursier/v1/https/repo1.maven.org/maven2/org/scala-lang/scala-compiler/2.13.3/scala-compiler-2.13.3.jar
[0m[32m[D][0m   => /home/timmiller/.cache/coursier/v1/https/repo1.maven.org/maven2/org/scala-lang/scala-library/2.13.3/scala-library-2.13.3.jar
[0m[32m[D][0m   => /home/timmiller/.cache/coursier/v1/https/repo1.maven.org/maven2/org/scala-lang/scala-reflect/2.13.3/scala-reflect-2.13.3.jar
[0m[32m[D][0m Configured SemanticDB in projects 'wccli', 'wccli-test'
[0m[32m[D][0m Missing analysis file for project 'wccli-test'
[0m[32m[D][0m Loading previous analysis for 'wccli' from '/home/timmiller/myfolder/myWCCLI/wccli/target/streams/compile/bloopAnalysisOut/_global/streams/inc_compile_2.13.zip'.
[0m[32m[D][0m Waiting for a connection at local:///tmp/bsp-launcher6453983194797338666/bsp.socket...
The server is listening for incoming connections at local:///tmp/bsp-launcher6453983194797338666/bsp.socket...
Starting thread that pumps stdin and redirects it to the bsp server...
Starting thread that pumps server stdout and redirects it to the client stdout...
[0m2021.04.08 10:26:48 INFO  tracing is disabled for protocol BSP, to enable tracing of incoming and outgoing JSON messages create an empty file at /home/timmiller/.cache/metals/bsp.trace.json[0m
[0m2021.04.08 10:26:48 INFO  Attempting to connect to the build server...[0m
Starting the bsp launcher for bloop...
Opening a bsp server connection with 'bsp --protocol local --socket /tmp/bsp-launcher9205759179058564627/bsp.socket'...
Waiting for the bsp connection to come up...
[0m[32m[D][0m Loading workspace settings from bloop.settings.json
[0m[32m[D][0m Waiting for a connection at local:///tmp/bsp-launcher9205759179058564627/bsp.socket...
The server is listening for incoming connections at local:///tmp/bsp-launcher9205759179058564627/bsp.socket...
Starting thread that pumps stdin and redirects it to the bsp server...
Starting thread that pumps server stdout and redirects it to the client stdout...
[0m2021.04.08 10:26:49 INFO  tracing is disabled for protocol BSP, to enable tracing of incoming and outgoing JSON messages create an empty file at /home/timmiller/.cache/metals/bsp.trace.json[0m
[0m2021.04.08 10:26:49 INFO  time: Connected to build server in 3.69s[0m
[0m2021.04.08 10:26:49 INFO  Connected to Build server: Bloop v1.4.8[0m
[0m2021.04.08 10:26:50 WARN  Could not find java sources in None. Java symbols will not be available.[0m
[0m2021.04.08 10:26:50 INFO  time: indexed workspace in 1.03s[0m
[0m2021.04.08 10:28:05 INFO  time: code lens generation in 2.69s[0m
[0m2021.04.08 10:28:05 INFO  time: code lens generation in 2.39s[0m
[0m2021.04.08 10:48:55 INFO  compiling wccli (1 scala source)[0m
[0m2021.04.08 10:48:57 INFO  time: compiled wccli in 1.31s[0m
[0m2021.04.08 10:49:09 INFO  compiling wccli (1 scala source)[0m
[0m2021.04.08 10:49:09 INFO  time: compiled wccli in 0.14s[0m
[0m2021.04.08 10:49:25 INFO  compiling wccli (1 scala source)[0m
[0m2021.04.08 10:49:25 INFO  time: compiled wccli in 0.11s[0m
Apr 08, 2021 10:50:26 AM org.eclipse.lsp4j.jsonrpc.RemoteEndpoint handleCancellation
WARNING: Unmatched cancel notification for request id 223
[0m2021.04.08 10:51:02 INFO  compiling wccli (1 scala source)[0m
[0m2021.04.08 10:51:02 INFO  time: compiled wccli in 0.51s[0m
[0m2021.04.08 10:52:17 INFO  compiling wccli (1 scala source)[0m
[0m2021.04.08 10:52:17 INFO  time: compiled wccli in 0.2s[0m
[0m2021.04.08 10:56:19 INFO  compiling wccli (1 scala source)[0m
[0m2021.04.08 10:56:21 INFO  time: compiled wccli in 1.55s[0m
Apr 08, 2021 11:00:27 AM org.eclipse.lsp4j.jsonrpc.RemoteEndpoint handleCancellation
WARNING: Unmatched cancel notification for request id 483
Apr 08, 2021 11:01:01 AM org.eclipse.lsp4j.jsonrpc.RemoteEndpoint handleCancellation
WARNING: Unmatched cancel notification for request id 490
Apr 08, 2021 11:02:15 AM org.eclipse.lsp4j.jsonrpc.RemoteEndpoint handleCancellation
WARNING: Unmatched cancel notification for request id 538
[0m2021.04.08 11:03:59 INFO  compiling wccli (1 scala source)[0m
[0m2021.04.08 11:04:00 INFO  time: compiled wccli in 1.15s[0m
[0m2021.04.08 11:04:11 INFO  compiling wccli (1 scala source)[0m
[0m2021.04.08 11:04:11 INFO  time: compiled wccli in 0.96s[0m
[0m2021.04.08 11:06:08 INFO  compiling wccli (1 scala source)[0m
[0m2021.04.08 11:06:08 INFO  time: compiled wccli in 0.86s[0m
[0m2021.04.08 11:08:21 INFO  compiling wccli (1 scala source)[0m
[0m2021.04.08 11:08:21 INFO  /home/timmiller/myfolder/myWCCLI/wccli/src/main/scala/wccli/Cli.scala:63:60: stale bloop error: unclosed string literal
              println(s"File not found: ${fnfe.getMessage()")
                                                           ^[0m
[0m2021.04.08 11:08:21 INFO  /home/timmiller/myfolder/myWCCLI/wccli/src/main/scala/wccli/Cli.scala:63:60: stale bloop error: unclosed string literal
              println(s"File not found: ${fnfe.getMessage()")
                                                           ^[0m
[0m2021.04.08 11:08:21 INFO  /home/timmiller/myfolder/myWCCLI/wccli/src/main/scala/wccli/Cli.scala:64:12: stale bloop error: unclosed string literal
          }
           ^[0m
[0m2021.04.08 11:08:21 INFO  /home/timmiller/myfolder/myWCCLI/wccli/src/main/scala/wccli/Cli.scala:64:11: stale bloop error: Missing closing brace `}` assumed here
          }
          ^[0m
[0m2021.04.08 11:08:21 INFO  time: compiled wccli in 92ms[0m
[0m2021.04.08 11:08:36 INFO  /home/timmiller/myfolder/myWCCLI/wccli/src/main/scala/wccli/Cli.scala:63:60: stale bloop error: unclosed string literal
              println(s"File not found: ${fnfe.getMessage()")
                                                           ^[0m
[0m2021.04.08 11:08:36 INFO  /home/timmiller/myfolder/myWCCLI/wccli/src/main/scala/wccli/Cli.scala:64:12: stale bloop error: unclosed string literal
          }
           ^[0m
[0m2021.04.08 11:08:36 INFO  /home/timmiller/myfolder/myWCCLI/wccli/src/main/scala/wccli/Cli.scala:64:11: stale bloop error: Missing closing brace `}` assumed here
          }
          ^[0m
[0m2021.04.08 11:08:36 INFO  /home/timmiller/myfolder/myWCCLI/wccli/src/main/scala/wccli/Cli.scala:63:60: stale bloop error: unclosed string literal
              println(s"File not found: ${fnfe.getMessage()")
                                                           ^[0m
[0m2021.04.08 11:08:36 INFO  /home/timmiller/myfolder/myWCCLI/wccli/src/main/scala/wccli/Cli.scala:64:12: stale bloop error: unclosed string literal
          }
           ^[0m
[0m2021.04.08 11:08:36 INFO  /home/timmiller/myfolder/myWCCLI/wccli/src/main/scala/wccli/Cli.scala:64:11: stale bloop error: Missing closing brace `}` assumed here
          }
          ^[0m
[0m2021.04.08 11:08:38 INFO  /home/timmiller/myfolder/myWCCLI/wccli/src/main/scala/wccli/Cli.scala:63:60: stale bloop error: unclosed string literal
              println(s"File not found: ${fnfe.getMessage()")
                                                           ^[0m
[0m2021.04.08 11:08:38 INFO  /home/timmiller/myfolder/myWCCLI/wccli/src/main/scala/wccli/Cli.scala:64:12: stale bloop error: unclosed string literal
          }
           ^[0m
[0m2021.04.08 11:08:38 INFO  /home/timmiller/myfolder/myWCCLI/wccli/src/main/scala/wccli/Cli.scala:64:11: stale bloop error: Missing closing brace `}` assumed here
          }
          ^[0m
[0m2021.04.08 11:08:38 INFO  /home/timmiller/myfolder/myWCCLI/wccli/src/main/scala/wccli/Cli.scala:63:60: stale bloop error: unclosed string literal
              println(s"File not found: ${fnfe.getMessage()")
                                                           ^[0m
[0m2021.04.08 11:08:38 INFO  /home/timmiller/myfolder/myWCCLI/wccli/src/main/scala/wccli/Cli.scala:64:12: stale bloop error: unclosed string literal
          }
           ^[0m
[0m2021.04.08 11:08:38 INFO  /home/timmiller/myfolder/myWCCLI/wccli/src/main/scala/wccli/Cli.scala:64:11: stale bloop error: Missing closing brace `}` assumed here
          }
          ^[0m
[0m2021.04.08 11:08:39 INFO  /home/timmiller/myfolder/myWCCLI/wccli/src/main/scala/wccli/Cli.scala:63:60: stale bloop error: unclosed string literal
              println(s"File not found: ${fnfe.getMessage()")
                                                           ^[0m
[0m2021.04.08 11:08:39 INFO  /home/timmiller/myfolder/myWCCLI/wccli/src/main/scala/wccli/Cli.scala:64:12: stale bloop error: unclosed string literal
          }
           ^[0m
[0m2021.04.08 11:08:39 INFO  /home/timmiller/myfolder/myWCCLI/wccli/src/main/scala/wccli/Cli.scala:64:11: stale bloop error: Missing closing brace `}` assumed here
          }
          ^[0m
[0m2021.04.08 11:08:39 INFO  /home/timmiller/myfolder/myWCCLI/wccli/src/main/scala/wccli/Cli.scala:63:60: stale bloop error: unclosed string literal
              println(s"File not found: ${fnfe.getMessage()")
                                                           ^[0m
[0m2021.04.08 11:08:39 INFO  /home/timmiller/myfolder/myWCCLI/wccli/src/main/scala/wccli/Cli.scala:64:12: stale bloop error: unclosed string literal
          }
           ^[0m
[0m2021.04.08 11:08:39 INFO  /home/timmiller/myfolder/myWCCLI/wccli/src/main/scala/wccli/Cli.scala:64:11: stale bloop error: Missing closing brace `}` assumed here
          }
          ^[0m
[0m2021.04.08 11:08:42 INFO  compiling wccli (1 scala source)[0m
[0m2021.04.08 11:08:42 INFO  time: compiled wccli in 0.8s[0m
[0m2021.04.08 11:08:51 INFO  compiling wccli (1 scala source)[0m
[0m2021.04.08 11:08:51 INFO  time: compiled wccli in 0.86s[0m
[0m2021.04.08 11:09:33 INFO  compiling wccli (1 scala source)[0m
[0m2021.04.08 11:09:33 INFO  time: compiled wccli in 0.12s[0m
[0m2021.04.08 11:09:41 INFO  compiling wccli (1 scala source)[0m
[0m2021.04.08 11:09:41 INFO  time: compiled wccli in 0.97s[0m
[0m2021.04.08 11:15:12 INFO  compiling wccli (1 scala source)[0m
[0m2021.04.08 11:15:12 INFO  time: compiled wccli in 0.13s[0m
[0m2021.04.08 11:15:18 INFO  compiling wccli (1 scala source)[0m
[0m2021.04.08 11:15:18 INFO  time: compiled wccli in 0.75s[0m
[0m2021.04.08 11:15:32 INFO  compiling wccli (1 scala source)[0m
[0m2021.04.08 11:15:32 INFO  time: compiled wccli in 0.7s[0m
[0m2021.04.08 11:22:53 INFO  compiling wccli (1 scala source)[0m
[0m2021.04.08 11:22:53 INFO  time: compiled wccli in 0.12s[0m
[0m2021.04.08 11:23:25 INFO  compiling wccli (1 scala source)[0m
[0m2021.04.08 11:23:25 INFO  time: compiled wccli in 0.12s[0m
[0m2021.04.08 11:23:46 INFO  compiling wccli (1 scala source)[0m
[0m2021.04.08 11:23:46 INFO  time: compiled wccli in 0.11s[0m
[0m2021.04.08 11:24:01 INFO  compiling wccli (1 scala source)[0m
[0m2021.04.08 11:24:01 INFO  time: compiled wccli in 0.13s[0m
[0m2021.04.08 11:24:35 INFO  compiling wccli (1 scala source)[0m
[0m2021.04.08 11:24:35 INFO  time: compiled wccli in 0.12s[0m
[0m2021.04.08 11:24:40 INFO  compiling wccli (1 scala source)[0m
[0m2021.04.08 11:24:40 INFO  time: compiled wccli in 0.73s[0m
Apr 08, 2021 11:26:56 AM org.eclipse.lsp4j.jsonrpc.RemoteEndpoint handleCancellation
WARNING: Unmatched cancel notification for request id 2236
[0m2021.04.08 11:27:52 INFO  compiling wccli (1 scala source)[0m
[0m2021.04.08 11:27:52 INFO  time: compiled wccli in 0.72s[0m
Apr 08, 2021 11:28:21 AM org.eclipse.lsp4j.jsonrpc.RemoteEndpoint handleCancellation
WARNING: Unmatched cancel notification for request id 2263
[0m2021.04.08 11:29:26 INFO  compiling wccli (1 scala source)[0m
[0m2021.04.08 11:29:26 INFO  time: compiled wccli in 0.68s[0m
Apr 08, 2021 11:30:02 AM org.eclipse.lsp4j.jsonrpc.RemoteEndpoint handleCancellation
WARNING: Unmatched cancel notification for request id 2324
Apr 08, 2021 11:30:15 AM org.eclipse.lsp4j.jsonrpc.RemoteEndpoint handleCancellation
WARNING: Unmatched cancel notification for request id 2329
[0m2021.04.08 11:30:21 INFO  compiling wccli (1 scala source)[0m
[0m2021.04.08 11:30:21 INFO  time: compiled wccli in 0.68s[0m
[0m2021.04.08 11:32:26 INFO  compiling wccli (1 scala source)[0m
[0m2021.04.08 11:32:26 INFO  time: compiled wccli in 0.76s[0m
[0m2021.04.08 11:33:03 INFO  compiling wccli (1 scala source)[0m
[0m2021.04.08 11:33:03 INFO  time: compiled wccli in 89ms[0m
[0m2021.04.08 11:33:12 INFO  compiling wccli (1 scala source)[0m
[0m2021.04.08 11:33:12 INFO  time: compiled wccli in 0.62s[0m
[0m2021.04.08 11:33:27 INFO  compiling wccli (1 scala source)[0m
[0m2021.04.08 11:33:27 INFO  time: compiled wccli in 94ms[0m
[0m2021.04.08 11:34:45 INFO  compiling wccli (1 scala source)[0m
[0m2021.04.08 11:34:45 INFO  time: compiled wccli in 0.1s[0m
[0m2021.04.08 11:34:58 INFO  compiling wccli (1 scala source)[0m
[0m2021.04.08 11:34:58 INFO  time: compiled wccli in 0.12s[0m
[0m2021.04.08 11:35:03 INFO  compiling wccli (1 scala source)[0m
[0m2021.04.08 11:35:03 INFO  time: compiled wccli in 0.77s[0m
something's wrong: no file:///home/timmiller/myfolder/myWCCLI/wccli/src/main/scala/wccli/Cli.scala in String => <error>RangePosition(file:///home/timmiller/myfolder/myWCCLI/wccli/src/main/scala/wccli/Cli.scala, 2282, 2289, 2299)
something's wrong: no file:///home/timmiller/myfolder/myWCCLI/wccli/src/main/scala/wccli/Cli.scala in String => AnyRefRangePosition(file:///home/timmiller/myfolder/myWCCLI/wccli/src/main/scala/wccli/Cli.scala, 2282, 2289, 2315)
something's wrong: no file:///home/timmiller/myfolder/myWCCLI/wccli/src/main/scala/wccli/Cli.scala in String => AnyRefRangePosition(file:///home/timmiller/myfolder/myWCCLI/wccli/src/main/scala/wccli/Cli.scala, 2282, 2289, 2317)
[0m2021.04.08 11:36:10 INFO  compiling wccli (1 scala source)[0m
[0m2021.04.08 11:36:10 INFO  time: compiled wccli in 76ms[0m
something's wrong: no file:///home/timmiller/myfolder/myWCCLI/wccli/src/main/scala/wccli/Cli.scala in String => AnyRefRangePosition(file:///home/timmiller/myfolder/myWCCLI/wccli/src/main/scala/wccli/Cli.scala, 2282, 2289, 2310)
something's wrong: no file:///home/timmiller/myfolder/myWCCLI/wccli/src/main/scala/wccli/Cli.scala in String => AnyRefRangePosition(file:///home/timmiller/myfolder/myWCCLI/wccli/src/main/scala/wccli/Cli.scala, 2282, 2289, 2310)
[0m2021.04.08 11:37:51 INFO  compiling wccli (1 scala source)[0m
[0m2021.04.08 11:37:51 INFO  time: compiled wccli in 57ms[0m
[0m2021.04.08 11:38:00 INFO  /home/timmiller/myfolder/myWCCLI/wccli/src/main/scala/wccli/Cli.scala:70:91: stale bloop error: illegal start of simple expression
        var y = getFileTextContent(filename).toString.split("\\s+").foreach(_ .replaceAll([^A-Za-z0-9], ""))
                                                                                          ^[0m
[0m2021.04.08 11:38:00 INFO  /home/timmiller/myfolder/myWCCLI/wccli/src/main/scala/wccli/Cli.scala:72:5: stale bloop error: ')' expected but '}' found.
    }
    ^[0m
[0m2021.04.08 11:38:00 INFO  /home/timmiller/myfolder/myWCCLI/wccli/src/main/scala/wccli/Cli.scala:70:91: stale bloop error: illegal start of simple expression
        var y = getFileTextContent(filename).toString.split("\\s+").foreach(_ .replaceAll([^A-Za-z0-9], ""))
                                                                                          ^[0m
[0m2021.04.08 11:38:00 INFO  /home/timmiller/myfolder/myWCCLI/wccli/src/main/scala/wccli/Cli.scala:72:5: stale bloop error: ')' expected but '}' found.
    }
    ^[0m
[0m2021.04.08 11:38:02 INFO  /home/timmiller/myfolder/myWCCLI/wccli/src/main/scala/wccli/Cli.scala:70:91: stale bloop error: illegal start of simple expression
        var y = getFileTextContent(filename).toString.split("\\s+").foreach(_ .replaceAll([^A-Za-z0-9], ""))
                                                                                          ^[0m
[0m2021.04.08 11:38:02 INFO  /home/timmiller/myfolder/myWCCLI/wccli/src/main/scala/wccli/Cli.scala:72:5: stale bloop error: ')' expected but '}' found.
    }
    ^[0m
[0m2021.04.08 11:38:02 INFO  /home/timmiller/myfolder/myWCCLI/wccli/src/main/scala/wccli/Cli.scala:70:91: stale bloop error: illegal start of simple expression
        var y = getFileTextContent(filename).toString.split("\\s+").foreach(_ .replaceAll([^A-Za-z0-9], ""))
                                                                                          ^[0m
[0m2021.04.08 11:38:02 INFO  /home/timmiller/myfolder/myWCCLI/wccli/src/main/scala/wccli/Cli.scala:72:5: stale bloop error: ')' expected but '}' found.
    }
    ^[0m
[0m2021.04.08 11:38:02 INFO  /home/timmiller/myfolder/myWCCLI/wccli/src/main/scala/wccli/Cli.scala:70:91: stale bloop error: illegal start of simple expression
        var y = getFileTextContent(filename).toString.split("\\s+").foreach(_ .replaceAll([^A-Za-z0-9], ""))
                                                                                          ^[0m
[0m2021.04.08 11:38:02 INFO  /home/timmiller/myfolder/myWCCLI/wccli/src/main/scala/wccli/Cli.scala:72:5: stale bloop error: ')' expected but '}' found.
    }
    ^[0m
[0m2021.04.08 11:38:03 INFO  /home/timmiller/myfolder/myWCCLI/wccli/src/main/scala/wccli/Cli.scala:70:91: stale bloop error: illegal start of simple expression
        var y = getFileTextContent(filename).toString.split("\\s+").foreach(_ .replaceAll([^A-Za-z0-9], ""))
                                                                                          ^[0m
[0m2021.04.08 11:38:03 INFO  /home/timmiller/myfolder/myWCCLI/wccli/src/main/scala/wccli/Cli.scala:72:5: stale bloop error: ')' expected but '}' found.
    }
    ^[0m
[0m2021.04.08 11:38:03 INFO  /home/timmiller/myfolder/myWCCLI/wccli/src/main/scala/wccli/Cli.scala:70:91: stale bloop error: illegal start of simple expression
        var y = getFileTextContent(filename).toString.split("\\s+").foreach(_ .replaceAll([^A-Za-z0-9], ""))
                                                                                          ^[0m
[0m2021.04.08 11:38:03 INFO  /home/timmiller/myfolder/myWCCLI/wccli/src/main/scala/wccli/Cli.scala:72:5: stale bloop error: ')' expected but '}' found.
    }
    ^[0m
[0m2021.04.08 11:38:03 INFO  /home/timmiller/myfolder/myWCCLI/wccli/src/main/scala/wccli/Cli.scala:70:91: stale bloop error: illegal start of simple expression
        var y = getFileTextContent(filename).toString.split("\\s+").foreach(_ .replaceAll([^A-Za-z0-9], ""))
                                                                                          ^[0m
[0m2021.04.08 11:38:03 INFO  /home/timmiller/myfolder/myWCCLI/wccli/src/main/scala/wccli/Cli.scala:72:5: stale bloop error: ')' expected but '}' found.
    }
    ^[0m
[0m2021.04.08 11:38:07 INFO  compiling wccli (1 scala source)[0m
[0m2021.04.08 11:38:07 INFO  time: compiled wccli in 0.1s[0m
[0m2021.04.08 11:38:22 INFO  compiling wccli (1 scala source)[0m
[0m2021.04.08 11:38:22 INFO  time: compiled wccli in 80ms[0m
[0m2021.04.08 11:39:08 INFO  compiling wccli (1 scala source)[0m
[0m2021.04.08 11:39:08 INFO  time: compiled wccli in 86ms[0m
[0m2021.04.08 11:39:30 INFO  compiling wccli (1 scala source)[0m
[0m2021.04.08 11:39:30 INFO  time: compiled wccli in 0.1s[0m
[0m2021.04.08 11:39:44 INFO  compiling wccli (1 scala source)[0m
[0m2021.04.08 11:39:44 INFO  time: compiled wccli in 0.57s[0m
[0m2021.04.08 11:42:03 INFO  compiling wccli (1 scala source)[0m
[0m2021.04.08 11:42:03 INFO  time: compiled wccli in 0.1s[0m
[0m2021.04.08 11:42:10 INFO  compiling wccli (1 scala source)[0m
[0m2021.04.08 11:42:10 INFO  time: compiled wccli in 0.65s[0m
[0m2021.04.08 11:42:14 INFO  compiling wccli (1 scala source)[0m
[0m2021.04.08 11:42:14 INFO  time: compiled wccli in 0.64s[0m
[0m2021.04.08 11:42:20 INFO  compiling wccli (1 scala source)[0m
[0m2021.04.08 11:42:20 INFO  time: compiled wccli in 0.64s[0m
something's wrong: no file:///home/timmiller/myfolder/myWCCLI/wccli/src/main/scala/wccli/Cli.scala in String => AnyRefRangePosition(file:///home/timmiller/myfolder/myWCCLI/wccli/src/main/scala/wccli/Cli.scala, 2269, 2276, 2294)
something's wrong: no file:///home/timmiller/myfolder/myWCCLI/wccli/src/main/scala/wccli/Cli.scala in String => AnyRefRangePosition(file:///home/timmiller/myfolder/myWCCLI/wccli/src/main/scala/wccli/Cli.scala, 2269, 2276, 2297)
Apr 08, 2021 11:44:22 AM scala.meta.internal.pc.CompilerAccess retryWithCleanCompiler
INFO: compiler crashed due to an error in the Scala compiler, retrying with new compiler instance.
Apr 08, 2021 11:44:23 AM scala.meta.internal.pc.CompilerAccess handleError
SEVERE: 
  unexpected tree: class scala.reflect.internal.Trees$Template
scala.AnyRef
     while compiling: file:///home/timmiller/myfolder/myWCCLI/wccli/src/main/scala/wccli/Cli.scala
        during phase: globalPhase=<no phase>, enteringPhase=parser
     library version: version 2.13.3
    compiler version: version 2.13.3
  reconstructed args: -classpath /home/timmiller/myfolder/myWCCLI/wccli/.bloop/wccli/bloop-bsp-clients-classes/classes-Metals-pWQ1SiX3RPibJVDnDjbGqQ==:/home/timmiller/.cache/coursier/v1/https/repo1.maven.org/maven2/org/scala-lang/scala-library/2.13.3/scala-library-2.13.3.jar:/home/timmiller/.cache/coursier/v1/https/repo1.maven.org/maven2/org/scala-lang/modules/scala-parser-combinators_2.13/1.1.2/scala-parser-combinators_2.13-1.1.2.jar -Xplugin-require:semanticdb -Yrangepos -Ymacro-expand:discard -Ycache-plugin-class-loader:last-modified -Ypresentation-any-thread

  last tree to typer: Template
       tree position: line 70 of file:///home/timmiller/myfolder/myWCCLI/wccli/src/main/scala/wccli/Cli.scala
              symbol: <none>
   symbol definition: <none> (a NoSymbol)
      symbol package: <none>
       symbol owners: 
           call site: <none> in <none>

== Source file context for tree position ==

    67     }
    68 
    69     def wordcount(filename: String) = {
    70         getFileTextContent(filename).toString.split("\\s+").foreach(f: String => {Map(f, 0)})
    71         
    72     }
    73 }
scala.reflect.internal.FatalError: 
  unexpected tree: class scala.reflect.internal.Trees$Template
scala.AnyRef
     while compiling: file:///home/timmiller/myfolder/myWCCLI/wccli/src/main/scala/wccli/Cli.scala
        during phase: globalPhase=<no phase>, enteringPhase=parser
     library version: version 2.13.3
    compiler version: version 2.13.3
  reconstructed args: -classpath /home/timmiller/myfolder/myWCCLI/wccli/.bloop/wccli/bloop-bsp-clients-classes/classes-Metals-pWQ1SiX3RPibJVDnDjbGqQ==:/home/timmiller/.cache/coursier/v1/https/repo1.maven.org/maven2/org/scala-lang/scala-library/2.13.3/scala-library-2.13.3.jar:/home/timmiller/.cache/coursier/v1/https/repo1.maven.org/maven2/org/scala-lang/modules/scala-parser-combinators_2.13/1.1.2/scala-parser-combinators_2.13-1.1.2.jar -Xplugin-require:semanticdb -Yrangepos -Ymacro-expand:discard -Ycache-plugin-class-loader:last-modified -Ypresentation-any-thread

  last tree to typer: Template
       tree position: line 70 of file:///home/timmiller/myfolder/myWCCLI/wccli/src/main/scala/wccli/Cli.scala
              symbol: <none>
   symbol definition: <none> (a NoSymbol)
      symbol package: <none>
       symbol owners: 
           call site: <none> in <none>

== Source file context for tree position ==

    67     }
    68 
    69     def wordcount(filename: String) = {
    70         getFileTextContent(filename).toString.split("\\s+").foreach(f: String => {Map(f, 0)})
    71         
    72     }
    73 }
	at scala.reflect.internal.Reporting.abort(Reporting.scala:69)
	at scala.reflect.internal.Reporting.abort$(Reporting.scala:65)
	at scala.reflect.internal.SymbolTable.abort(SymbolTable.scala:28)
	at scala.tools.nsc.typechecker.Typers$Typer.typedOutsidePatternMode$1(Typers.scala:5909)
	at scala.tools.nsc.typechecker.Typers$Typer.typed1(Typers.scala:5926)
	at scala.tools.nsc.typechecker.Typers$Typer.typed(Typers.scala:5973)
	at scala.tools.nsc.typechecker.Typers$Typer.typedQualifier(Typers.scala:6071)
	at scala.meta.internal.pc.PcDefinitionProvider.definitionTypedTreeAt(PcDefinitionProvider.scala:111)
	at scala.meta.internal.pc.PcDefinitionProvider.definition(PcDefinitionProvider.scala:24)

[0m2021.04.08 11:44:31 INFO  compiling wccli (1 scala source)[0m
[0m2021.04.08 11:44:31 INFO  time: compiled wccli in 46ms[0m
[0m2021.04.08 11:44:43 INFO  compiling wccli (1 scala source)[0m
[0m2021.04.08 11:44:43 INFO  time: compiled wccli in 63ms[0m
[0m2021.04.08 11:45:11 INFO  compiling wccli (1 scala source)[0m
[0m2021.04.08 11:45:11 INFO  time: compiled wccli in 0.1s[0m
[0m2021.04.08 11:45:13 INFO  compiling wccli (1 scala source)[0m
[0m2021.04.08 11:45:13 INFO  time: compiled wccli in 0.63s[0m
[0m2021.04.08 11:45:20 INFO  compiling wccli (1 scala source)[0m
[0m2021.04.08 11:45:20 INFO  time: compiled wccli in 0.6s[0m
[0m2021.04.08 11:45:40 INFO  compiling wccli (1 scala source)[0m
[0m2021.04.08 11:45:40 INFO  time: compiled wccli in 0.64s[0m
[0m2021.04.08 11:46:25 INFO  compiling wccli (1 scala source)[0m
[0m2021.04.08 11:46:25 INFO  time: compiled wccli in 52ms[0m
something's wrong: no file:///home/timmiller/myfolder/myWCCLI/wccli/src/main/scala/wccli/Cli.scala in String => <error>RangePosition(file:///home/timmiller/myfolder/myWCCLI/wccli/src/main/scala/wccli/Cli.scala, 2300, 2307, 2317)
[0m2021.04.08 11:49:01 INFO  compiling wccli (1 scala source)[0m
[0m2021.04.08 11:49:01 INFO  time: compiled wccli in 0.1s[0m
[0m2021.04.08 11:50:59 INFO  compiling wccli (1 scala source)[0m
[0m2021.04.08 11:50:59 INFO  time: compiled wccli in 90ms[0m
[0m2021.04.08 11:51:22 INFO  compiling wccli (1 scala source)[0m
[0m2021.04.08 11:51:22 INFO  time: compiled wccli in 85ms[0m
[0m2021.04.08 11:51:37 INFO  compiling wccli (1 scala source)[0m
[0m2021.04.08 11:51:37 INFO  time: compiled wccli in 0.12s[0m
[0m2021.04.08 11:52:06 INFO  compiling wccli (1 scala source)[0m
[0m2021.04.08 11:52:06 INFO  time: compiled wccli in 82ms[0m
[0m2021.04.08 11:52:09 INFO  compiling wccli (1 scala source)[0m
[0m2021.04.08 11:52:09 INFO  time: compiled wccli in 91ms[0m
[0m2021.04.08 11:52:24 INFO  compiling wccli (1 scala source)[0m
[0m2021.04.08 11:52:24 INFO  time: compiled wccli in 91ms[0m
[0m2021.04.08 11:52:38 INFO  compiling wccli (1 scala source)[0m
[0m2021.04.08 11:52:38 INFO  time: compiled wccli in 99ms[0m
[0m2021.04.08 11:53:19 INFO  compiling wccli (1 scala source)[0m
[0m2021.04.08 11:53:19 INFO  time: compiled wccli in 0.68s[0m
[0m2021.04.08 11:56:00 INFO  compiling wccli (1 scala source)[0m
[0m2021.04.08 11:56:00 INFO  time: compiled wccli in 0.66s[0m
[0m2021.04.08 11:56:07 INFO  compiling wccli (1 scala source)[0m
[0m2021.04.08 11:56:07 INFO  time: compiled wccli in 81ms[0m
[0m2021.04.08 11:56:41 INFO  compiling wccli (1 scala source)[0m
[0m2021.04.08 11:56:41 INFO  time: compiled wccli in 79ms[0m
[0m2021.04.08 11:56:57 INFO  compiling wccli (1 scala source)[0m
[0m2021.04.08 11:56:57 INFO  time: compiled wccli in 92ms[0m
[0m2021.04.08 11:57:06 INFO  compiling wccli (1 scala source)[0m
[0m2021.04.08 11:57:06 INFO  time: compiled wccli in 0.68s[0m
[0m2021.04.08 11:57:09 INFO  compiling wccli (1 scala source)[0m
[0m2021.04.08 11:57:09 INFO  time: compiled wccli in 0.1s[0m
[0m2021.04.08 12:00:21 INFO  compiling wccli (1 scala source)[0m
[0m2021.04.08 12:00:21 INFO  time: compiled wccli in 79ms[0m
[0m2021.04.08 12:00:26 INFO  /home/timmiller/myfolder/myWCCLI/wccli/src/main/scala/wccli/Cli.scala:70:17: stale bloop error: value flatMap is not a member of Any
        var x = getFileTextContent(filename).flatMap(line => line.split("\\s+")).map()
                ^^^^^^^^^^^^^^^^^^^^^^^^^^^^^^^^^^^^[0m
[0m2021.04.08 12:00:26 INFO  /home/timmiller/myfolder/myWCCLI/wccli/src/main/scala/wccli/Cli.scala:71:17: stale bloop error: not found: value y
        println(y)
                ^[0m
[0m2021.04.08 12:00:26 INFO  /home/timmiller/myfolder/myWCCLI/wccli/src/main/scala/wccli/Cli.scala:70:17: stale bloop error: value flatMap is not a member of Any
        var x = getFileTextContent(filename).flatMap(line => line.split("\\s+")).map()
                ^^^^^^^^^^^^^^^^^^^^^^^^^^^^^^^^^^^^[0m
[0m2021.04.08 12:00:26 INFO  /home/timmiller/myfolder/myWCCLI/wccli/src/main/scala/wccli/Cli.scala:71:17: stale bloop error: not found: value y
        println(y)
                ^[0m
[0m2021.04.08 12:00:26 INFO  /home/timmiller/myfolder/myWCCLI/wccli/src/main/scala/wccli/Cli.scala:70:17: stale bloop error: value flatMap is not a member of Any
        var x = getFileTextContent(filename).flatMap(line => line.split("\\s+")).map()
                ^^^^^^^^^^^^^^^^^^^^^^^^^^^^^^^^^^^^[0m
[0m2021.04.08 12:00:26 INFO  /home/timmiller/myfolder/myWCCLI/wccli/src/main/scala/wccli/Cli.scala:71:17: stale bloop error: not found: value y
        println(y)
                ^[0m
[0m2021.04.08 12:00:27 INFO  /home/timmiller/myfolder/myWCCLI/wccli/src/main/scala/wccli/Cli.scala:70:17: stale bloop error: value flatMap is not a member of Any
        var x = getFileTextContent(filename).flatMap(line => line.split("\\s+")).map()
                ^^^^^^^^^^^^^^^^^^^^^^^^^^^^^^^^^^^^[0m
[0m2021.04.08 12:00:27 INFO  /home/timmiller/myfolder/myWCCLI/wccli/src/main/scala/wccli/Cli.scala:71:17: stale bloop error: not found: value y
        println(y)
                ^[0m
[0m2021.04.08 12:00:27 INFO  /home/timmiller/myfolder/myWCCLI/wccli/src/main/scala/wccli/Cli.scala:70:17: stale bloop error: value flatMap is not a member of Any
        var x = getFileTextContent(filename).flatMap(line => line.split("\\s+")).map()
                ^^^^^^^^^^^^^^^^^^^^^^^^^^^^^^^^^^^^[0m
[0m2021.04.08 12:00:27 INFO  /home/timmiller/myfolder/myWCCLI/wccli/src/main/scala/wccli/Cli.scala:71:17: stale bloop error: not found: value y
        println(y)
                ^[0m
[0m2021.04.08 12:00:27 INFO  /home/timmiller/myfolder/myWCCLI/wccli/src/main/scala/wccli/Cli.scala:70:17: stale bloop error: value flatMap is not a member of Any
        var x = getFileTextContent(filename).flatMap(line => line.split("\\s+")).map()
                ^^^^^^^^^^^^^^^^^^^^^^^^^^^^^^^^^^^^[0m
[0m2021.04.08 12:00:27 INFO  /home/timmiller/myfolder/myWCCLI/wccli/src/main/scala/wccli/Cli.scala:71:17: stale bloop error: not found: value y
        println(y)
                ^[0m
[0m2021.04.08 12:00:27 INFO  /home/timmiller/myfolder/myWCCLI/wccli/src/main/scala/wccli/Cli.scala:70:17: stale bloop error: value flatMap is not a member of Any
        var x = getFileTextContent(filename).flatMap(line => line.split("\\s+")).map()
                ^^^^^^^^^^^^^^^^^^^^^^^^^^^^^^^^^^^^[0m
[0m2021.04.08 12:00:27 INFO  /home/timmiller/myfolder/myWCCLI/wccli/src/main/scala/wccli/Cli.scala:71:17: stale bloop error: not found: value y
        println(y)
                ^[0m
[0m2021.04.08 12:00:27 INFO  /home/timmiller/myfolder/myWCCLI/wccli/src/main/scala/wccli/Cli.scala:70:17: stale bloop error: value flatMap is not a member of Any
        var x = getFileTextContent(filename).flatMap(line => line.split("\\s+")).map()
                ^^^^^^^^^^^^^^^^^^^^^^^^^^^^^^^^^^^^[0m
[0m2021.04.08 12:00:27 INFO  /home/timmiller/myfolder/myWCCLI/wccli/src/main/scala/wccli/Cli.scala:71:17: stale bloop error: not found: value y
        println(y)
                ^[0m
[0m2021.04.08 12:00:27 INFO  /home/timmiller/myfolder/myWCCLI/wccli/src/main/scala/wccli/Cli.scala:70:17: stale bloop error: value flatMap is not a member of Any
        var x = getFileTextContent(filename).flatMap(line => line.split("\\s+")).map()
                ^^^^^^^^^^^^^^^^^^^^^^^^^^^^^^^^^^^^[0m
[0m2021.04.08 12:00:27 INFO  /home/timmiller/myfolder/myWCCLI/wccli/src/main/scala/wccli/Cli.scala:71:17: stale bloop error: not found: value y
        println(y)
                ^[0m
[0m2021.04.08 12:00:27 INFO  /home/timmiller/myfolder/myWCCLI/wccli/src/main/scala/wccli/Cli.scala:70:17: stale bloop error: value flatMap is not a member of Any
        var x = getFileTextContent(filename).flatMap(line => line.split("\\s+")).map()
                ^^^^^^^^^^^^^^^^^^^^^^^^^^^^^^^^^^^^[0m
[0m2021.04.08 12:00:27 INFO  /home/timmiller/myfolder/myWCCLI/wccli/src/main/scala/wccli/Cli.scala:71:17: stale bloop error: not found: value y
        println(y)
                ^[0m
[0m2021.04.08 12:00:34 INFO  compiling wccli (1 scala source)[0m
[0m2021.04.08 12:00:34 INFO  time: compiled wccli in 95ms[0m
[0m2021.04.08 12:00:40 INFO  compiling wccli (1 scala source)[0m
[0m2021.04.08 12:00:40 INFO  time: compiled wccli in 0.64s[0m
[0m2021.04.08 12:01:24 INFO  compiling wccli (1 scala source)[0m
[0m2021.04.08 12:01:24 INFO  time: compiled wccli in 0.79s[0m
[0m2021.04.08 12:02:16 INFO  compiling wccli (1 scala source)[0m
[0m2021.04.08 12:02:16 INFO  time: compiled wccli in 87ms[0m
[0m2021.04.08 12:02:33 INFO  compiling wccli (1 scala source)[0m
[0m2021.04.08 12:02:33 INFO  time: compiled wccli in 79ms[0m
[0m2021.04.08 12:03:54 INFO  compiling wccli (1 scala source)[0m
[0m2021.04.08 12:03:54 INFO  time: compiled wccli in 63ms[0m
[0m2021.04.08 12:04:07 INFO  compiling wccli (1 scala source)[0m
[0m2021.04.08 12:04:07 INFO  time: compiled wccli in 0.59s[0m
[0m2021.04.08 12:04:29 INFO  compiling wccli (1 scala source)[0m
[0m2021.04.08 12:04:29 INFO  time: compiled wccli in 0.61s[0m
[0m2021.04.08 12:06:28 INFO  compiling wccli (1 scala source)[0m
[0m2021.04.08 12:06:28 INFO  time: compiled wccli in 77ms[0m
[0m2021.04.08 12:07:01 INFO  compiling wccli (1 scala source)[0m
[0m2021.04.08 12:07:01 INFO  time: compiled wccli in 78ms[0m
something's wrong: no file:///home/timmiller/myfolder/myWCCLI/wccli/src/main/scala/wccli/Cli.scala in Array[<error>]RangePosition(file:///home/timmiller/myfolder/myWCCLI/wccli/src/main/scala/wccli/Cli.scala, 2299, 2299, 2314)
something's wrong: no file:///home/timmiller/myfolder/myWCCLI/wccli/src/main/scala/wccli/Cli.scala in Array[<error>]RangePosition(file:///home/timmiller/myfolder/myWCCLI/wccli/src/main/scala/wccli/Cli.scala, 2299, 2299, 2307)
something's wrong: no file:///home/timmiller/myfolder/myWCCLI/wccli/src/main/scala/wccli/Cli.scala in Array[<error>]RangePosition(file:///home/timmiller/myfolder/myWCCLI/wccli/src/main/scala/wccli/Cli.scala, 2299, 2299, 2309)
something's wrong: no file:///home/timmiller/myfolder/myWCCLI/wccli/src/main/scala/wccli/Cli.scala in Array[String]RangePosition(file:///home/timmiller/myfolder/myWCCLI/wccli/src/main/scala/wccli/Cli.scala, 2299, 2299, 2312)
[0m2021.04.08 12:07:26 INFO  compiling wccli (1 scala source)[0m
[0m2021.04.08 12:07:26 INFO  time: compiled wccli in 77ms[0m
[0m2021.04.08 12:07:29 INFO  compiling wccli (1 scala source)[0m
[0m2021.04.08 12:07:29 INFO  time: compiled wccli in 68ms[0m
[0m2021.04.08 12:07:46 INFO  compiling wccli (1 scala source)[0m
[0m2021.04.08 12:07:46 INFO  time: compiled wccli in 0.63s[0m
[0m2021.04.08 12:08:07 INFO  compiling wccli (1 scala source)[0m
[0m2021.04.08 12:08:07 INFO  time: compiled wccli in 0.66s[0m
[0m2021.04.08 12:12:22 INFO  compiling wccli (1 scala source)[0m
[0m2021.04.08 12:12:22 INFO  time: compiled wccli in 0.71s[0m
[0m2021.04.08 12:16:19 INFO  compiling wccli (1 scala source)[0m
[0m2021.04.08 12:16:19 INFO  time: compiled wccli in 0.72s[0m
[0m2021.04.08 12:18:54 INFO  compiling wccli (1 scala source)[0m
[0m2021.04.08 12:18:54 INFO  time: compiled wccli in 79ms[0m
[0m2021.04.08 12:21:50 INFO  compiling wccli (1 scala source)[0m
[0m2021.04.08 12:21:50 INFO  time: compiled wccli in 58ms[0m
[0m2021.04.08 12:22:18 INFO  compiling wccli (1 scala source)[0m
[0m2021.04.08 12:22:18 INFO  time: compiled wccli in 50ms[0m
[0m2021.04.08 12:22:26 INFO  compiling wccli (1 scala source)[0m
[0m2021.04.08 12:22:26 INFO  time: compiled wccli in 0.74s[0m
[0m2021.04.08 12:24:55 INFO  compiling wccli (1 scala source)[0m
[0m2021.04.08 12:24:55 INFO  time: compiled wccli in 0.68s[0m
[0m2021.04.08 12:26:06 INFO  compiling wccli (1 scala source)[0m
[0m2021.04.08 12:26:06 INFO  time: compiled wccli in 0.64s[0m
[0m2021.04.08 12:26:29 INFO  compiling wccli (1 scala source)[0m
[0m2021.04.08 12:26:29 INFO  time: compiled wccli in 0.73s[0m
Apr 08, 2021 12:29:21 PM org.eclipse.lsp4j.jsonrpc.RemoteEndpoint handleCancellation
WARNING: Unmatched cancel notification for request id 7606
[0m2021.04.08 12:29:23 INFO  tracing is disabled for protocol dap-server, to enable tracing of incoming and outgoing JSON messages create an empty file at /home/timmiller/.cache/metals/dap-server.trace.json[0m
[0m2021.04.08 12:29:23 INFO  Listening for transport dt_socket at address: 38607[0m
[0m2021.04.08 12:29:23 INFO  tracing is disabled for protocol dap-client, to enable tracing of incoming and outgoing JSON messages create an empty file at /home/timmiller/.cache/metals/dap-client.trace.json[0m
[0m2021.04.08 12:29:23 INFO  Starting debug proxy for [wccli.Main][0m
[0m2021.04.08 12:29:23 INFO  Trying to attach to remote debuggee VM localhost:38607 .[0m
[0m2021.04.08 12:29:23 INFO  Attaching to debuggee VM succeeded.[0m
[0m2021.04.08 12:29:23 INFO  hello wccli[0m
[0m2021.04.08 12:29:23 INFO  Welcome to WC CLI[0m
[0m2021.04.08 12:29:23 INFO  Menu Options:[0m
[0m2021.04.08 12:29:23 INFO  echo [word]: repeats the word back to you[0m
[0m2021.04.08 12:29:23 INFO  getFiles: lists files in the current directory[0m
[0m2021.04.08 12:29:23 INFO  first100chars [filename]: reads the first 100 character of the file[0m
[0m2021.04.08 12:29:23 INFO  wordcount [filename]: counts the number of words in the file[0m
[0m2021.04.08 12:29:23 INFO  exit exits WC CLI:[0m
[0m2021.04.08 12:29:36 INFO  Failed to parse a command[0m
[0m2021.04.08 12:29:36 INFO  Menu Options:[0m
[0m2021.04.08 12:29:36 INFO  echo [word]: repeats the word back to you[0m
[0m2021.04.08 12:29:36 INFO  getFiles: lists files in the current directory[0m
[0m2021.04.08 12:29:36 INFO  first100chars [filename]: reads the first 100 character of the file[0m
[0m2021.04.08 12:29:36 INFO  wordcount [filename]: counts the number of words in the file[0m
[0m2021.04.08 12:29:36 INFO  exit exits WC CLI:[0m
[0m2021.04.08 12:29:36 INFO  Failed to parse a command[0m
[0m2021.04.08 12:29:36 INFO  Menu Options:[0m
[0m2021.04.08 12:29:36 INFO  Canceling debug proxy for [wccli.Main][0m
[0m2021.04.08 12:29:36 INFO  Listening for transport dt_socket at address: 38659[0m
[0m2021.04.08 12:29:36 INFO  echo [word]: repeats the word back to you[0m
[0m2021.04.08 12:29:36 INFO  getFiles: lists files in the current directory[0m
[0m2021.04.08 12:29:36 INFO  first100chars [filename]: reads the first 100 character of the file[0m
[0m2021.04.08 12:29:36 INFO  wordcount [filename]: counts the number of words in the file[0m
[0m2021.04.08 12:29:36 INFO  exit exits WC CLI:[0m
[0m2021.04.08 12:29:36 INFO  Failed to parse a command[0m
[0m2021.04.08 12:29:36 INFO  Menu Options:[0m
[0m2021.04.08 12:29:36 INFO  echo [word]: repeats the word back to you[0m
[0m2021.04.08 12:29:36 INFO  getFiles: lists files in the current directory[0m
[0m2021.04.08 12:29:36 INFO  first100chars [filename]: reads the first 100 character of the file[0m
[0m2021.04.08 12:29:36 INFO  wordcount [filename]: counts the number of words in the file[0m
[0m2021.04.08 12:29:36 INFO  exit exits WC CLI:[0m
[0m2021.04.08 12:29:36 INFO  Failed to parse a command[0m
[0m2021.04.08 12:29:36 INFO  Menu Options:[0m
[0m2021.04.08 12:29:36 INFO  echo [word]: repeats the word back to you[0m
[0m2021.04.08 12:29:36 INFO  getFiles: lists files in the current directory[0m
[0m2021.04.08 12:29:36 INFO  first100chars [filename]: reads the first 100 character of the file[0m
[0m2021.04.08 12:29:36 INFO  wordcount [filename]: counts the number of words in the file[0m
[0m2021.04.08 12:29:36 INFO  exit exits WC CLI:[0m
[0m2021.04.08 12:29:36 INFO  Failed to parse a command[0m
[0m2021.04.08 12:29:36 INFO  Menu Options:[0m
[0m2021.04.08 12:29:36 INFO  echo [word]: repeats the word back to you[0m
[0m2021.04.08 12:29:36 INFO  getFiles: lists files in the current directory[0m
[0m2021.04.08 12:29:36 INFO  first100chars [filename]: reads the first 100 character of the file[0m
[0m2021.04.08 12:29:36 INFO  wordcount [filename]: counts the number of words in the file[0m
[0m2021.04.08 12:29:36 INFO  exit exits WC CLI:[0m
[0m2021.04.08 12:29:36 INFO  Failed to parse a command[0m
[0m2021.04.08 12:29:36 INFO  Menu Options:[0m
[0m2021.04.08 12:29:36 INFO  echo [word]: repeats the word back to you[0m
[0m2021.04.08 12:29:36 INFO  getFiles: lists files in the current directory[0m
[0m2021.04.08 12:29:36 INFO  first100chars [filename]: reads the first 100 character of the file[0m
[0m2021.04.08 12:29:36 INFO  wordcount [filename]: counts the number of words in the file[0m
[0m2021.04.08 12:29:36 INFO  exit exits WC CLI:[0m
[0m2021.04.08 12:29:36 INFO  Failed to parse a command[0m
[0m2021.04.08 12:29:36 INFO  Menu Options:[0m
[0m2021.04.08 12:29:36 INFO  echo [word]: repeats the word back to you[0m
[0m2021.04.08 12:29:36 INFO  getFiles: lists files in the current directory[0m
[0m2021.04.08 12:29:36 INFO  first100chars [filename]: reads the first 100 character of the file[0m
[0m2021.04.08 12:29:36 INFO  wordcount [filename]: counts the number of words in the file[0m
[0m2021.04.08 12:29:36 INFO  exit exits WC CLI:[0m
Apr 08, 2021 12:30:25 PM org.eclipse.lsp4j.jsonrpc.RemoteEndpoint handleCancellation
WARNING: Unmatched cancel notification for request id 7616
[0m2021.04.08 12:30:38 INFO  compiling wccli (1 scala source)[0m
[0m2021.04.08 12:30:38 INFO  time: compiled wccli in 0.73s[0m
[0m2021.04.08 12:30:58 INFO  compiling wccli (1 scala source)[0m
[0m2021.04.08 12:30:58 INFO  time: compiled wccli in 0.7s[0m
[0m2021.04.08 12:32:04 INFO  compiling wccli (1 scala source)[0m
[0m2021.04.08 12:32:04 INFO  time: compiled wccli in 57ms[0m
[0m2021.04.08 12:32:21 INFO  compiling wccli (1 scala source)[0m
[0m2021.04.08 12:32:21 INFO  time: compiled wccli in 0.75s[0m
[0m2021.04.08 12:32:55 INFO  compiling wccli (1 scala source)[0m
[0m2021.04.08 12:32:55 INFO  time: compiled wccli in 0.77s[0m
[0m2021.04.08 12:33:02 INFO  compiling wccli (1 scala source)[0m
[0m2021.04.08 12:33:02 INFO  time: compiled wccli in 0.72s[0m
[0m2021.04.08 12:40:15 INFO  compiling wccli (1 scala source)[0m
[0m2021.04.08 12:40:15 INFO  time: compiled wccli in 0.84s[0m
[0m2021.04.08 12:41:15 INFO  compiling wccli (1 scala source)[0m
[0m2021.04.08 12:41:16 INFO  time: compiled wccli in 1.15s[0m
[0m2021.04.08 12:42:40 INFO  compiling wccli (1 scala source)[0m
[0m2021.04.08 12:42:40 INFO  time: compiled wccli in 91ms[0m
[0m2021.04.08 12:42:48 INFO  compiling wccli (1 scala source)[0m
[0m2021.04.08 12:42:48 INFO  time: compiled wccli in 83ms[0m
[0m2021.04.08 12:43:40 INFO  compiling wccli (1 scala source)[0m
[0m2021.04.08 12:43:40 INFO  time: compiled wccli in 0.69s[0m
[0m2021.04.08 12:44:38 INFO  compiling wccli (1 scala source)[0m
[0m2021.04.08 12:44:38 INFO  time: compiled wccli in 0.67s[0m
[0m2021.04.08 12:47:57 INFO  compiling wccli (1 scala source)[0m
[0m2021.04.08 12:47:57 INFO  time: compiled wccli in 0.76s[0m
Apr 08, 2021 2:44:57 PM org.eclipse.lsp4j.jsonrpc.RemoteEndpoint handleCancellation
WARNING: Unmatched cancel notification for request id 8921
Apr 08, 2021 2:44:57 PM org.eclipse.lsp4j.jsonrpc.RemoteEndpoint handleCancellation
WARNING: Unmatched cancel notification for request id 8923
[0m2021.04.08 14:45:07 INFO  compiling wccli (1 scala source)[0m
[0m2021.04.08 14:45:07 INFO  time: compiled wccli in 0.52s[0m
[0m2021.04.08 14:45:11 INFO  compiling wccli (1 scala source)[0m
[0m2021.04.08 14:45:11 INFO  time: compiled wccli in 0.25s[0m
[0m2021.04.08 14:45:18 INFO  compiling wccli (1 scala source)[0m
[0m2021.04.08 14:45:20 INFO  time: compiled wccli in 1.56s[0m
[0m2021.04.08 14:48:08 INFO  compiling wccli (1 scala source)[0m
[0m2021.04.08 14:48:08 INFO  time: compiled wccli in 58ms[0m
[0m2021.04.08 14:48:24 INFO  compiling wccli (1 scala source)[0m
[0m2021.04.08 14:48:24 INFO  time: compiled wccli in 0.91s[0m
[0m2021.04.08 14:48:32 INFO  compiling wccli (1 scala source)[0m
[0m2021.04.08 14:48:32 INFO  time: compiled wccli in 89ms[0m
[0m2021.04.08 14:48:48 INFO  compiling wccli (1 scala source)[0m
[0m2021.04.08 14:48:48 INFO  time: compiled wccli in 84ms[0m
[0m2021.04.08 14:49:08 INFO  compiling wccli (1 scala source)[0m
[0m2021.04.08 14:49:08 INFO  time: compiled wccli in 0.87s[0m
[0m2021.04.08 14:49:16 INFO  compiling wccli (1 scala source)[0m
[0m2021.04.08 14:49:16 INFO  time: compiled wccli in 95ms[0m
[0m2021.04.08 14:49:43 INFO  compiling wccli (1 scala source)[0m
[0m2021.04.08 14:49:43 INFO  time: compiled wccli in 0.82s[0m
[0m2021.04.08 14:49:46 INFO  compiling wccli (1 scala source)[0m
[0m2021.04.08 14:49:46 INFO  time: compiled wccli in 0.1s[0m
[0m2021.04.08 14:49:54 INFO  compiling wccli (1 scala source)[0m
[0m2021.04.08 14:49:54 INFO  time: compiled wccli in 0.77s[0m
[0m2021.04.08 14:50:25 INFO  compiling wccli (1 scala source)[0m
[0m2021.04.08 14:50:25 INFO  time: compiled wccli in 87ms[0m
[0m2021.04.08 14:50:31 INFO  compiling wccli (1 scala source)[0m
[0m2021.04.08 14:50:31 INFO  time: compiled wccli in 0.69s[0m
[0m2021.04.08 14:51:28 INFO  compiling wccli (1 scala source)[0m
[0m2021.04.08 14:51:28 INFO  time: compiled wccli in 0.69s[0m
[0m2021.04.08 14:52:38 INFO  compiling wccli (1 scala source)[0m
[0m2021.04.08 14:52:38 INFO  time: compiled wccli in 0.86s[0m
[0m2021.04.08 14:53:32 INFO  compiling wccli (1 scala source)[0m
[0m2021.04.08 14:53:32 INFO  time: compiled wccli in 0.68s[0m
[0m2021.04.08 14:55:30 INFO  compiling wccli (1 scala source)[0m
[0m2021.04.08 14:55:30 INFO  time: compiled wccli in 54ms[0m
[0m2021.04.08 14:55:35 INFO  compiling wccli (1 scala source)[0m
[0m2021.04.08 14:55:35 INFO  time: compiled wccli in 0.73s[0m
[0m2021.04.08 14:57:28 INFO  compiling wccli (1 scala source)[0m
[0m2021.04.08 14:57:28 INFO  time: compiled wccli in 0.7s[0m
[0m2021.04.08 14:58:41 INFO  compiling wccli (1 scala source)[0m
[0m2021.04.08 14:58:41 INFO  time: compiled wccli in 0.73s[0m
Apr 08, 2021 2:59:05 PM org.eclipse.lsp4j.jsonrpc.RemoteEndpoint handleCancellation
WARNING: Unmatched cancel notification for request id 9823
[0m2021.04.08 14:59:07 INFO  tracing is disabled for protocol dap-server, to enable tracing of incoming and outgoing JSON messages create an empty file at /home/timmiller/.cache/metals/dap-server.trace.json[0m
[0m2021.04.08 14:59:07 INFO  Listening for transport dt_socket at address: 36085[0m
[0m2021.04.08 14:59:07 INFO  tracing is disabled for protocol dap-client, to enable tracing of incoming and outgoing JSON messages create an empty file at /home/timmiller/.cache/metals/dap-client.trace.json[0m
[0m2021.04.08 14:59:07 INFO  Starting debug proxy for [wccli.Main][0m
[0m2021.04.08 14:59:07 INFO  Trying to attach to remote debuggee VM localhost:36085 .[0m
[0m2021.04.08 14:59:07 INFO  Attaching to debuggee VM succeeded.[0m
[0m2021.04.08 14:59:07 INFO  hello wccli[0m
[0m2021.04.08 14:59:07 INFO  Welcome to WC CLI[0m
[0m2021.04.08 14:59:07 INFO  Menu Options:[0m
[0m2021.04.08 14:59:07 INFO  echo [word]: repeats the word back to you[0m
[0m2021.04.08 14:59:07 INFO  getFiles: lists files in the current directory[0m
[0m2021.04.08 14:59:07 INFO  first100chars [filename]: reads the first 100 character of the file[0m
[0m2021.04.08 14:59:07 INFO  wordcount [filename]: counts the number of words in the file[0m
[0m2021.04.08 14:59:07 INFO  exit exits WC CLI:[0m
[0m2021.04.08 14:59:47 INFO  Failed to parse a command[0m
[0m2021.04.08 14:59:47 INFO  Menu Options:[0m
[0m2021.04.08 14:59:47 INFO  Canceling debug proxy for [wccli.Main][0m
[0m2021.04.08 14:59:47 INFO  echo [word]: repeats the word back to you[0m
[0m2021.04.08 14:59:47 INFO  getFiles: lists files in the current directory[0m
[0m2021.04.08 14:59:47 INFO  first100chars [filename]: reads the first 100 character of the file[0m
[0m2021.04.08 14:59:47 INFO  wordcount [filename]: counts the number of words in the file[0m
[0m2021.04.08 14:59:47 INFO  exit exits WC CLI:[0m
[0m2021.04.08 14:59:47 INFO  Failed to parse a command[0m
[0m2021.04.08 14:59:47 INFO  Menu Options:[0m
[0m2021.04.08 14:59:47 INFO  echo [word]: repeats the word back to you[0m
[0m2021.04.08 14:59:47 INFO  getFiles: lists files in the current directory[0m
[0m2021.04.08 14:59:47 INFO  first100chars [filename]: reads the first 100 character of the file[0m
[0m2021.04.08 14:59:47 INFO  wordcount [filename]: counts the number of words in the file[0m
[0m2021.04.08 14:59:47 INFO  exit exits WC CLI:[0m
[0m2021.04.08 14:59:47 INFO  Failed to parse a command[0m
[0m2021.04.08 14:59:47 INFO  Menu Options:[0m
[0m2021.04.08 14:59:47 INFO  echo [word]: repeats the word back to you[0m
[0m2021.04.08 14:59:47 INFO  getFiles: lists files in the current directory[0m
[0m2021.04.08 14:59:47 INFO  first100chars [filename]: reads the first 100 character of the file[0m
[0m2021.04.08 14:59:47 INFO  wordcount [filename]: counts the number of words in the file[0m
[0m2021.04.08 14:59:47 INFO  exit exits WC CLI:[0m
[0m2021.04.08 14:59:47 INFO  Failed to parse a command[0m
[0m2021.04.08 14:59:47 INFO  Menu Options:[0m
[0m2021.04.08 14:59:47 INFO  echo [word]: repeats the word back to you[0m
[0m2021.04.08 14:59:47 INFO  getFiles: lists files in the current directory[0m
[0m2021.04.08 14:59:47 INFO  first100chars [filename]: reads the first 100 character of the file[0m
[0m2021.04.08 14:59:47 INFO  wordcount [filename]: counts the number of words in the file[0m
[0m2021.04.08 14:59:47 INFO  exit exits WC CLI:[0m
[0m2021.04.08 14:59:47 INFO  Failed to parse a command[0m
[0m2021.04.08 14:59:47 INFO  Menu Options:[0m
[0m2021.04.08 14:59:47 INFO  echo [word]: repeats the word back to you[0m
[0m2021.04.08 14:59:47 INFO  getFiles: lists files in the current directory[0m
[0m2021.04.08 14:59:47 INFO  first100chars [filename]: reads the first 100 character of the file[0m
[0m2021.04.08 14:59:47 INFO  wordcount [filename]: counts the number of words in the file[0m
[0m2021.04.08 14:59:47 INFO  exit exits WC CLI:[0m
[0m2021.04.08 14:59:47 INFO  Failed to parse a command[0m
Apr 08, 2021 2:59:55 PM org.eclipse.lsp4j.jsonrpc.RemoteEndpoint handleCancellation
WARNING: Unmatched cancel notification for request id 9832
[0m2021.04.08 15:00:37 INFO  compiling wccli (1 scala source)[0m
[0m2021.04.08 15:00:37 INFO  time: compiled wccli in 0.74s[0m
[0m2021.04.08 15:17:23 INFO  compiling wccli (1 scala source)[0m
[0m2021.04.08 15:17:23 INFO  time: compiled wccli in 0.8s[0m
[0m2021.04.08 15:17:52 INFO  compiling wccli (1 scala source)[0m
[0m2021.04.08 15:17:52 INFO  time: compiled wccli in 0.12s[0m
[0m2021.04.08 15:17:58 INFO  compiling wccli (1 scala source)[0m
[0m2021.04.08 15:17:58 INFO  time: compiled wccli in 0.1s[0m
[0m2021.04.08 15:18:05 INFO  compiling wccli (1 scala source)[0m
[0m2021.04.08 15:18:05 INFO  time: compiled wccli in 0.11s[0m
[0m2021.04.08 15:18:29 INFO  compiling wccli (1 scala source)[0m
[0m2021.04.08 15:18:29 INFO  time: compiled wccli in 89ms[0m
[0m2021.04.08 15:18:46 INFO  compiling wccli (1 scala source)[0m
[0m2021.04.08 15:18:46 INFO  time: compiled wccli in 0.76s[0m
[0m2021.04.08 15:19:17 INFO  compiling wccli (1 scala source)[0m
[0m2021.04.08 15:19:17 INFO  time: compiled wccli in 90ms[0m
[0m2021.04.08 15:19:23 INFO  compiling wccli (1 scala source)[0m
[0m2021.04.08 15:19:23 INFO  time: compiled wccli in 0.79s[0m
[0m2021.04.08 15:19:33 INFO  compiling wccli (1 scala source)[0m
[0m2021.04.08 15:19:33 INFO  time: compiled wccli in 0.78s[0m
[0m2021.04.08 15:24:13 INFO  compiling wccli (1 scala source)[0m
[0m2021.04.08 15:24:13 INFO  time: compiled wccli in 0.16s[0m
[0m2021.04.08 15:24:36 INFO  compiling wccli (1 scala source)[0m
[0m2021.04.08 15:24:38 INFO  time: compiled wccli in 1.77s[0m
[0m2021.04.08 15:25:30 INFO  compiling wccli (1 scala source)[0m
[0m2021.04.08 15:25:30 INFO  time: compiled wccli in 0.64s[0m
[0m2021.04.08 15:26:08 INFO  compiling wccli (1 scala source)[0m
[0m2021.04.08 15:26:08 INFO  time: compiled wccli in 0.63s[0m
[0m2021.04.08 15:27:16 INFO  compiling wccli (1 scala source)[0m
[0m2021.04.08 15:27:16 INFO  time: compiled wccli in 0.63s[0m
[0m2021.04.08 15:29:08 INFO  compiling wccli (1 scala source)[0m
[0m2021.04.08 15:29:08 INFO  time: compiled wccli in 0.66s[0m
Apr 08, 2021 3:50:02 PM org.eclipse.lsp4j.jsonrpc.services.GenericEndpoint notify
INFO: Unsupported notification method: $/setTraceNotification
